<?xml version="1.0" encoding="UTF-8"?>
<testsuite name="pirple.FizzBuzzTest" tests="1" skipped="0" failures="0" errors="0" timestamp="2021-07-31T10:33:22" hostname="VIN001" time="0.262">
  <properties/>
  <testcase name="isPrimeFrom1To100" classname="pirple.FizzBuzzTest" time="0.262"/>
  <system-out><![CDATA[number 3 % multiple 2 false
number 5 % multiple 2 false
number 5 % multiple 3 false
number 5 % multiple 4 false
number 7 % multiple 2 false
number 7 % multiple 3 false
number 7 % multiple 4 false
number 7 % multiple 5 false
number 7 % multiple 6 false
number 11 % multiple 2 false
number 11 % multiple 3 false
number 11 % multiple 4 false
number 11 % multiple 5 false
number 11 % multiple 6 false
number 11 % multiple 7 false
number 11 % multiple 8 false
number 11 % multiple 9 false
number 11 % multiple 10 false
number 13 % multiple 2 false
number 13 % multiple 3 false
number 13 % multiple 4 false
number 13 % multiple 5 false
number 13 % multiple 6 false
number 13 % multiple 7 false
number 13 % multiple 8 false
number 13 % multiple 9 false
number 13 % multiple 10 false
number 13 % multiple 11 false
number 13 % multiple 12 false
number 17 % multiple 2 false
number 17 % multiple 3 false
number 17 % multiple 4 false
number 17 % multiple 5 false
number 17 % multiple 6 false
number 17 % multiple 7 false
number 17 % multiple 8 false
number 17 % multiple 9 false
number 17 % multiple 10 false
number 17 % multiple 11 false
number 17 % multiple 12 false
number 17 % multiple 13 false
number 17 % multiple 14 false
number 17 % multiple 15 false
number 17 % multiple 16 false
number 19 % multiple 2 false
number 19 % multiple 3 false
number 19 % multiple 4 false
number 19 % multiple 5 false
number 19 % multiple 6 false
number 19 % multiple 7 false
number 19 % multiple 8 false
number 19 % multiple 9 false
number 19 % multiple 10 false
number 19 % multiple 11 false
number 19 % multiple 12 false
number 19 % multiple 13 false
number 19 % multiple 14 false
number 19 % multiple 15 false
number 19 % multiple 16 false
number 19 % multiple 17 false
number 19 % multiple 18 false
number 23 % multiple 2 false
number 23 % multiple 3 false
number 23 % multiple 4 false
number 23 % multiple 5 false
number 23 % multiple 6 false
number 23 % multiple 7 false
number 23 % multiple 8 false
number 23 % multiple 9 false
number 23 % multiple 10 false
number 23 % multiple 11 false
number 23 % multiple 12 false
number 23 % multiple 13 false
number 23 % multiple 14 false
number 23 % multiple 15 false
number 23 % multiple 16 false
number 23 % multiple 17 false
number 23 % multiple 18 false
number 23 % multiple 19 false
number 23 % multiple 20 false
number 23 % multiple 21 false
number 23 % multiple 22 false
number 29 % multiple 2 false
number 29 % multiple 3 false
number 29 % multiple 4 false
number 29 % multiple 5 false
number 29 % multiple 6 false
number 29 % multiple 7 false
number 29 % multiple 8 false
number 29 % multiple 9 false
number 29 % multiple 10 false
number 29 % multiple 11 false
number 29 % multiple 12 false
number 29 % multiple 13 false
number 29 % multiple 14 false
number 29 % multiple 15 false
number 29 % multiple 16 false
number 29 % multiple 17 false
number 29 % multiple 18 false
number 29 % multiple 19 false
number 29 % multiple 20 false
number 29 % multiple 21 false
number 29 % multiple 22 false
number 29 % multiple 23 false
number 29 % multiple 24 false
number 29 % multiple 25 false
number 29 % multiple 26 false
number 29 % multiple 27 false
number 29 % multiple 28 false
number 31 % multiple 2 false
number 31 % multiple 3 false
number 31 % multiple 4 false
number 31 % multiple 5 false
number 31 % multiple 6 false
number 31 % multiple 7 false
number 31 % multiple 8 false
number 31 % multiple 9 false
number 31 % multiple 10 false
number 31 % multiple 11 false
number 31 % multiple 12 false
number 31 % multiple 13 false
number 31 % multiple 14 false
number 31 % multiple 15 false
number 31 % multiple 16 false
number 31 % multiple 17 false
number 31 % multiple 18 false
number 31 % multiple 19 false
number 31 % multiple 20 false
number 31 % multiple 21 false
number 31 % multiple 22 false
number 31 % multiple 23 false
number 31 % multiple 24 false
number 31 % multiple 25 false
number 31 % multiple 26 false
number 31 % multiple 27 false
number 31 % multiple 28 false
number 31 % multiple 29 false
number 31 % multiple 30 false
number 37 % multiple 2 false
number 37 % multiple 3 false
number 37 % multiple 4 false
number 37 % multiple 5 false
number 37 % multiple 6 false
number 37 % multiple 7 false
number 37 % multiple 8 false
number 37 % multiple 9 false
number 37 % multiple 10 false
number 37 % multiple 11 false
number 37 % multiple 12 false
number 37 % multiple 13 false
number 37 % multiple 14 false
number 37 % multiple 15 false
number 37 % multiple 16 false
number 37 % multiple 17 false
number 37 % multiple 18 false
number 37 % multiple 19 false
number 37 % multiple 20 false
number 37 % multiple 21 false
number 37 % multiple 22 false
number 37 % multiple 23 false
number 37 % multiple 24 false
number 37 % multiple 25 false
number 37 % multiple 26 false
number 37 % multiple 27 false
number 37 % multiple 28 false
number 37 % multiple 29 false
number 37 % multiple 30 false
number 37 % multiple 31 false
number 37 % multiple 32 false
number 37 % multiple 33 false
number 37 % multiple 34 false
number 37 % multiple 35 false
number 37 % multiple 36 false
number 41 % multiple 2 false
number 41 % multiple 3 false
number 41 % multiple 4 false
number 41 % multiple 5 false
number 41 % multiple 6 false
number 41 % multiple 7 false
number 41 % multiple 8 false
number 41 % multiple 9 false
number 41 % multiple 10 false
number 41 % multiple 11 false
number 41 % multiple 12 false
number 41 % multiple 13 false
number 41 % multiple 14 false
number 41 % multiple 15 false
number 41 % multiple 16 false
number 41 % multiple 17 false
number 41 % multiple 18 false
number 41 % multiple 19 false
number 41 % multiple 20 false
number 41 % multiple 21 false
number 41 % multiple 22 false
number 41 % multiple 23 false
number 41 % multiple 24 false
number 41 % multiple 25 false
number 41 % multiple 26 false
number 41 % multiple 27 false
number 41 % multiple 28 false
number 41 % multiple 29 false
number 41 % multiple 30 false
number 41 % multiple 31 false
number 41 % multiple 32 false
number 41 % multiple 33 false
number 41 % multiple 34 false
number 41 % multiple 35 false
number 41 % multiple 36 false
number 41 % multiple 37 false
number 41 % multiple 38 false
number 41 % multiple 39 false
number 41 % multiple 40 false
number 43 % multiple 2 false
number 43 % multiple 3 false
number 43 % multiple 4 false
number 43 % multiple 5 false
number 43 % multiple 6 false
number 43 % multiple 7 false
number 43 % multiple 8 false
number 43 % multiple 9 false
number 43 % multiple 10 false
number 43 % multiple 11 false
number 43 % multiple 12 false
number 43 % multiple 13 false
number 43 % multiple 14 false
number 43 % multiple 15 false
number 43 % multiple 16 false
number 43 % multiple 17 false
number 43 % multiple 18 false
number 43 % multiple 19 false
number 43 % multiple 20 false
number 43 % multiple 21 false
number 43 % multiple 22 false
number 43 % multiple 23 false
number 43 % multiple 24 false
number 43 % multiple 25 false
number 43 % multiple 26 false
number 43 % multiple 27 false
number 43 % multiple 28 false
number 43 % multiple 29 false
number 43 % multiple 30 false
number 43 % multiple 31 false
number 43 % multiple 32 false
number 43 % multiple 33 false
number 43 % multiple 34 false
number 43 % multiple 35 false
number 43 % multiple 36 false
number 43 % multiple 37 false
number 43 % multiple 38 false
number 43 % multiple 39 false
number 43 % multiple 40 false
number 43 % multiple 41 false
number 43 % multiple 42 false
number 47 % multiple 2 false
number 47 % multiple 3 false
number 47 % multiple 4 false
number 47 % multiple 5 false
number 47 % multiple 6 false
number 47 % multiple 7 false
number 47 % multiple 8 false
number 47 % multiple 9 false
number 47 % multiple 10 false
number 47 % multiple 11 false
number 47 % multiple 12 false
number 47 % multiple 13 false
number 47 % multiple 14 false
number 47 % multiple 15 false
number 47 % multiple 16 false
number 47 % multiple 17 false
number 47 % multiple 18 false
number 47 % multiple 19 false
number 47 % multiple 20 false
number 47 % multiple 21 false
number 47 % multiple 22 false
number 47 % multiple 23 false
number 47 % multiple 24 false
number 47 % multiple 25 false
number 47 % multiple 26 false
number 47 % multiple 27 false
number 47 % multiple 28 false
number 47 % multiple 29 false
number 47 % multiple 30 false
number 47 % multiple 31 false
number 47 % multiple 32 false
number 47 % multiple 33 false
number 47 % multiple 34 false
number 47 % multiple 35 false
number 47 % multiple 36 false
number 47 % multiple 37 false
number 47 % multiple 38 false
number 47 % multiple 39 false
number 47 % multiple 40 false
number 47 % multiple 41 false
number 47 % multiple 42 false
number 47 % multiple 43 false
number 47 % multiple 44 false
number 47 % multiple 45 false
number 47 % multiple 46 false
number 51 % multiple 2 false
number 51 % multiple 3 true
number 53 % multiple 2 false
number 53 % multiple 3 false
number 53 % multiple 4 false
number 53 % multiple 5 false
number 53 % multiple 6 false
number 53 % multiple 7 false
number 53 % multiple 8 false
number 53 % multiple 9 false
number 53 % multiple 10 false
number 53 % multiple 11 false
number 53 % multiple 12 false
number 53 % multiple 13 false
number 53 % multiple 14 false
number 53 % multiple 15 false
number 53 % multiple 16 false
number 53 % multiple 17 false
number 53 % multiple 18 false
number 53 % multiple 19 false
number 53 % multiple 20 false
number 53 % multiple 21 false
number 53 % multiple 22 false
number 53 % multiple 23 false
number 53 % multiple 24 false
number 53 % multiple 25 false
number 53 % multiple 26 false
number 53 % multiple 27 false
number 53 % multiple 28 false
number 53 % multiple 29 false
number 53 % multiple 30 false
number 53 % multiple 31 false
number 53 % multiple 32 false
number 53 % multiple 33 false
number 53 % multiple 34 false
number 53 % multiple 35 false
number 53 % multiple 36 false
number 53 % multiple 37 false
number 53 % multiple 38 false
number 53 % multiple 39 false
number 53 % multiple 40 false
number 53 % multiple 41 false
number 53 % multiple 42 false
number 53 % multiple 43 false
number 53 % multiple 44 false
number 53 % multiple 45 false
number 53 % multiple 46 false
number 53 % multiple 47 false
number 53 % multiple 48 false
number 53 % multiple 49 false
number 53 % multiple 50 false
number 53 % multiple 51 false
number 53 % multiple 52 false
number 57 % multiple 2 false
number 57 % multiple 3 true
number 59 % multiple 2 false
number 59 % multiple 3 false
number 59 % multiple 4 false
number 59 % multiple 5 false
number 59 % multiple 6 false
number 59 % multiple 7 false
number 59 % multiple 8 false
number 59 % multiple 9 false
number 59 % multiple 10 false
number 59 % multiple 11 false
number 59 % multiple 12 false
number 59 % multiple 13 false
number 59 % multiple 14 false
number 59 % multiple 15 false
number 59 % multiple 16 false
number 59 % multiple 17 false
number 59 % multiple 18 false
number 59 % multiple 19 false
number 59 % multiple 20 false
number 59 % multiple 21 false
number 59 % multiple 22 false
number 59 % multiple 23 false
number 59 % multiple 24 false
number 59 % multiple 25 false
number 59 % multiple 26 false
number 59 % multiple 27 false
number 59 % multiple 28 false
number 59 % multiple 29 false
number 59 % multiple 30 false
number 59 % multiple 31 false
number 59 % multiple 32 false
number 59 % multiple 33 false
number 59 % multiple 34 false
number 59 % multiple 35 false
number 59 % multiple 36 false
number 59 % multiple 37 false
number 59 % multiple 38 false
number 59 % multiple 39 false
number 59 % multiple 40 false
number 59 % multiple 41 false
number 59 % multiple 42 false
number 59 % multiple 43 false
number 59 % multiple 44 false
number 59 % multiple 45 false
number 59 % multiple 46 false
number 59 % multiple 47 false
number 59 % multiple 48 false
number 59 % multiple 49 false
number 59 % multiple 50 false
number 59 % multiple 51 false
number 59 % multiple 52 false
number 59 % multiple 53 false
number 59 % multiple 54 false
number 59 % multiple 55 false
number 59 % multiple 56 false
number 59 % multiple 57 false
number 59 % multiple 58 false
number 61 % multiple 2 false
number 61 % multiple 3 false
number 61 % multiple 4 false
number 61 % multiple 5 false
number 61 % multiple 6 false
number 61 % multiple 7 false
number 61 % multiple 8 false
number 61 % multiple 9 false
number 61 % multiple 10 false
number 61 % multiple 11 false
number 61 % multiple 12 false
number 61 % multiple 13 false
number 61 % multiple 14 false
number 61 % multiple 15 false
number 61 % multiple 16 false
number 61 % multiple 17 false
number 61 % multiple 18 false
number 61 % multiple 19 false
number 61 % multiple 20 false
number 61 % multiple 21 false
number 61 % multiple 22 false
number 61 % multiple 23 false
number 61 % multiple 24 false
number 61 % multiple 25 false
number 61 % multiple 26 false
number 61 % multiple 27 false
number 61 % multiple 28 false
number 61 % multiple 29 false
number 61 % multiple 30 false
number 61 % multiple 31 false
number 61 % multiple 32 false
number 61 % multiple 33 false
number 61 % multiple 34 false
number 61 % multiple 35 false
number 61 % multiple 36 false
number 61 % multiple 37 false
number 61 % multiple 38 false
number 61 % multiple 39 false
number 61 % multiple 40 false
number 61 % multiple 41 false
number 61 % multiple 42 false
number 61 % multiple 43 false
number 61 % multiple 44 false
number 61 % multiple 45 false
number 61 % multiple 46 false
number 61 % multiple 47 false
number 61 % multiple 48 false
number 61 % multiple 49 false
number 61 % multiple 50 false
number 61 % multiple 51 false
number 61 % multiple 52 false
number 61 % multiple 53 false
number 61 % multiple 54 false
number 61 % multiple 55 false
number 61 % multiple 56 false
number 61 % multiple 57 false
number 61 % multiple 58 false
number 61 % multiple 59 false
number 61 % multiple 60 false
number 67 % multiple 2 false
number 67 % multiple 3 false
number 67 % multiple 4 false
number 67 % multiple 5 false
number 67 % multiple 6 false
number 67 % multiple 7 false
number 67 % multiple 8 false
number 67 % multiple 9 false
number 67 % multiple 10 false
number 67 % multiple 11 false
number 67 % multiple 12 false
number 67 % multiple 13 false
number 67 % multiple 14 false
number 67 % multiple 15 false
number 67 % multiple 16 false
number 67 % multiple 17 false
number 67 % multiple 18 false
number 67 % multiple 19 false
number 67 % multiple 20 false
number 67 % multiple 21 false
number 67 % multiple 22 false
number 67 % multiple 23 false
number 67 % multiple 24 false
number 67 % multiple 25 false
number 67 % multiple 26 false
number 67 % multiple 27 false
number 67 % multiple 28 false
number 67 % multiple 29 false
number 67 % multiple 30 false
number 67 % multiple 31 false
number 67 % multiple 32 false
number 67 % multiple 33 false
number 67 % multiple 34 false
number 67 % multiple 35 false
number 67 % multiple 36 false
number 67 % multiple 37 false
number 67 % multiple 38 false
number 67 % multiple 39 false
number 67 % multiple 40 false
number 67 % multiple 41 false
number 67 % multiple 42 false
number 67 % multiple 43 false
number 67 % multiple 44 false
number 67 % multiple 45 false
number 67 % multiple 46 false
number 67 % multiple 47 false
number 67 % multiple 48 false
number 67 % multiple 49 false
number 67 % multiple 50 false
number 67 % multiple 51 false
number 67 % multiple 52 false
number 67 % multiple 53 false
number 67 % multiple 54 false
number 67 % multiple 55 false
number 67 % multiple 56 false
number 67 % multiple 57 false
number 67 % multiple 58 false
number 67 % multiple 59 false
number 67 % multiple 60 false
number 67 % multiple 61 false
number 67 % multiple 62 false
number 67 % multiple 63 false
number 67 % multiple 64 false
number 67 % multiple 65 false
number 67 % multiple 66 false
number 71 % multiple 2 false
number 71 % multiple 3 false
number 71 % multiple 4 false
number 71 % multiple 5 false
number 71 % multiple 6 false
number 71 % multiple 7 false
number 71 % multiple 8 false
number 71 % multiple 9 false
number 71 % multiple 10 false
number 71 % multiple 11 false
number 71 % multiple 12 false
number 71 % multiple 13 false
number 71 % multiple 14 false
number 71 % multiple 15 false
number 71 % multiple 16 false
number 71 % multiple 17 false
number 71 % multiple 18 false
number 71 % multiple 19 false
number 71 % multiple 20 false
number 71 % multiple 21 false
number 71 % multiple 22 false
number 71 % multiple 23 false
number 71 % multiple 24 false
number 71 % multiple 25 false
number 71 % multiple 26 false
number 71 % multiple 27 false
number 71 % multiple 28 false
number 71 % multiple 29 false
number 71 % multiple 30 false
number 71 % multiple 31 false
number 71 % multiple 32 false
number 71 % multiple 33 false
number 71 % multiple 34 false
number 71 % multiple 35 false
number 71 % multiple 36 false
number 71 % multiple 37 false
number 71 % multiple 38 false
number 71 % multiple 39 false
number 71 % multiple 40 false
number 71 % multiple 41 false
number 71 % multiple 42 false
number 71 % multiple 43 false
number 71 % multiple 44 false
number 71 % multiple 45 false
number 71 % multiple 46 false
number 71 % multiple 47 false
number 71 % multiple 48 false
number 71 % multiple 49 false
number 71 % multiple 50 false
number 71 % multiple 51 false
number 71 % multiple 52 false
number 71 % multiple 53 false
number 71 % multiple 54 false
number 71 % multiple 55 false
number 71 % multiple 56 false
number 71 % multiple 57 false
number 71 % multiple 58 false
number 71 % multiple 59 false
number 71 % multiple 60 false
number 71 % multiple 61 false
number 71 % multiple 62 false
number 71 % multiple 63 false
number 71 % multiple 64 false
number 71 % multiple 65 false
number 71 % multiple 66 false
number 71 % multiple 67 false
number 71 % multiple 68 false
number 71 % multiple 69 false
number 71 % multiple 70 false
number 73 % multiple 2 false
number 73 % multiple 3 false
number 73 % multiple 4 false
number 73 % multiple 5 false
number 73 % multiple 6 false
number 73 % multiple 7 false
number 73 % multiple 8 false
number 73 % multiple 9 false
number 73 % multiple 10 false
number 73 % multiple 11 false
number 73 % multiple 12 false
number 73 % multiple 13 false
number 73 % multiple 14 false
number 73 % multiple 15 false
number 73 % multiple 16 false
number 73 % multiple 17 false
number 73 % multiple 18 false
number 73 % multiple 19 false
number 73 % multiple 20 false
number 73 % multiple 21 false
number 73 % multiple 22 false
number 73 % multiple 23 false
number 73 % multiple 24 false
number 73 % multiple 25 false
number 73 % multiple 26 false
number 73 % multiple 27 false
number 73 % multiple 28 false
number 73 % multiple 29 false
number 73 % multiple 30 false
number 73 % multiple 31 false
number 73 % multiple 32 false
number 73 % multiple 33 false
number 73 % multiple 34 false
number 73 % multiple 35 false
number 73 % multiple 36 false
number 73 % multiple 37 false
number 73 % multiple 38 false
number 73 % multiple 39 false
number 73 % multiple 40 false
number 73 % multiple 41 false
number 73 % multiple 42 false
number 73 % multiple 43 false
number 73 % multiple 44 false
number 73 % multiple 45 false
number 73 % multiple 46 false
number 73 % multiple 47 false
number 73 % multiple 48 false
number 73 % multiple 49 false
number 73 % multiple 50 false
number 73 % multiple 51 false
number 73 % multiple 52 false
number 73 % multiple 53 false
number 73 % multiple 54 false
number 73 % multiple 55 false
number 73 % multiple 56 false
number 73 % multiple 57 false
number 73 % multiple 58 false
number 73 % multiple 59 false
number 73 % multiple 60 false
number 73 % multiple 61 false
number 73 % multiple 62 false
number 73 % multiple 63 false
number 73 % multiple 64 false
number 73 % multiple 65 false
number 73 % multiple 66 false
number 73 % multiple 67 false
number 73 % multiple 68 false
number 73 % multiple 69 false
number 73 % multiple 70 false
number 73 % multiple 71 false
number 73 % multiple 72 false
number 79 % multiple 2 false
number 79 % multiple 3 false
number 79 % multiple 4 false
number 79 % multiple 5 false
number 79 % multiple 6 false
number 79 % multiple 7 false
number 79 % multiple 8 false
number 79 % multiple 9 false
number 79 % multiple 10 false
number 79 % multiple 11 false
number 79 % multiple 12 false
number 79 % multiple 13 false
number 79 % multiple 14 false
number 79 % multiple 15 false
number 79 % multiple 16 false
number 79 % multiple 17 false
number 79 % multiple 18 false
number 79 % multiple 19 false
number 79 % multiple 20 false
number 79 % multiple 21 false
number 79 % multiple 22 false
number 79 % multiple 23 false
number 79 % multiple 24 false
number 79 % multiple 25 false
number 79 % multiple 26 false
number 79 % multiple 27 false
number 79 % multiple 28 false
number 79 % multiple 29 false
number 79 % multiple 30 false
number 79 % multiple 31 false
number 79 % multiple 32 false
number 79 % multiple 33 false
number 79 % multiple 34 false
number 79 % multiple 35 false
number 79 % multiple 36 false
number 79 % multiple 37 false
number 79 % multiple 38 false
number 79 % multiple 39 false
number 79 % multiple 40 false
number 79 % multiple 41 false
number 79 % multiple 42 false
number 79 % multiple 43 false
number 79 % multiple 44 false
number 79 % multiple 45 false
number 79 % multiple 46 false
number 79 % multiple 47 false
number 79 % multiple 48 false
number 79 % multiple 49 false
number 79 % multiple 50 false
number 79 % multiple 51 false
number 79 % multiple 52 false
number 79 % multiple 53 false
number 79 % multiple 54 false
number 79 % multiple 55 false
number 79 % multiple 56 false
number 79 % multiple 57 false
number 79 % multiple 58 false
number 79 % multiple 59 false
number 79 % multiple 60 false
number 79 % multiple 61 false
number 79 % multiple 62 false
number 79 % multiple 63 false
number 79 % multiple 64 false
number 79 % multiple 65 false
number 79 % multiple 66 false
number 79 % multiple 67 false
number 79 % multiple 68 false
number 79 % multiple 69 false
number 79 % multiple 70 false
number 79 % multiple 71 false
number 79 % multiple 72 false
number 79 % multiple 73 false
number 79 % multiple 74 false
number 79 % multiple 75 false
number 79 % multiple 76 false
number 79 % multiple 77 false
number 79 % multiple 78 false
number 83 % multiple 2 false
number 83 % multiple 3 false
number 83 % multiple 4 false
number 83 % multiple 5 false
number 83 % multiple 6 false
number 83 % multiple 7 false
number 83 % multiple 8 false
number 83 % multiple 9 false
number 83 % multiple 10 false
number 83 % multiple 11 false
number 83 % multiple 12 false
number 83 % multiple 13 false
number 83 % multiple 14 false
number 83 % multiple 15 false
number 83 % multiple 16 false
number 83 % multiple 17 false
number 83 % multiple 18 false
number 83 % multiple 19 false
number 83 % multiple 20 false
number 83 % multiple 21 false
number 83 % multiple 22 false
number 83 % multiple 23 false
number 83 % multiple 24 false
number 83 % multiple 25 false
number 83 % multiple 26 false
number 83 % multiple 27 false
number 83 % multiple 28 false
number 83 % multiple 29 false
number 83 % multiple 30 false
number 83 % multiple 31 false
number 83 % multiple 32 false
number 83 % multiple 33 false
number 83 % multiple 34 false
number 83 % multiple 35 false
number 83 % multiple 36 false
number 83 % multiple 37 false
number 83 % multiple 38 false
number 83 % multiple 39 false
number 83 % multiple 40 false
number 83 % multiple 41 false
number 83 % multiple 42 false
number 83 % multiple 43 false
number 83 % multiple 44 false
number 83 % multiple 45 false
number 83 % multiple 46 false
number 83 % multiple 47 false
number 83 % multiple 48 false
number 83 % multiple 49 false
number 83 % multiple 50 false
number 83 % multiple 51 false
number 83 % multiple 52 false
number 83 % multiple 53 false
number 83 % multiple 54 false
number 83 % multiple 55 false
number 83 % multiple 56 false
number 83 % multiple 57 false
number 83 % multiple 58 false
number 83 % multiple 59 false
number 83 % multiple 60 false
number 83 % multiple 61 false
number 83 % multiple 62 false
number 83 % multiple 63 false
number 83 % multiple 64 false
number 83 % multiple 65 false
number 83 % multiple 66 false
number 83 % multiple 67 false
number 83 % multiple 68 false
number 83 % multiple 69 false
number 83 % multiple 70 false
number 83 % multiple 71 false
number 83 % multiple 72 false
number 83 % multiple 73 false
number 83 % multiple 74 false
number 83 % multiple 75 false
number 83 % multiple 76 false
number 83 % multiple 77 false
number 83 % multiple 78 false
number 83 % multiple 79 false
number 83 % multiple 80 false
number 83 % multiple 81 false
number 83 % multiple 82 false
number 89 % multiple 2 false
number 89 % multiple 3 false
number 89 % multiple 4 false
number 89 % multiple 5 false
number 89 % multiple 6 false
number 89 % multiple 7 false
number 89 % multiple 8 false
number 89 % multiple 9 false
number 89 % multiple 10 false
number 89 % multiple 11 false
number 89 % multiple 12 false
number 89 % multiple 13 false
number 89 % multiple 14 false
number 89 % multiple 15 false
number 89 % multiple 16 false
number 89 % multiple 17 false
number 89 % multiple 18 false
number 89 % multiple 19 false
number 89 % multiple 20 false
number 89 % multiple 21 false
number 89 % multiple 22 false
number 89 % multiple 23 false
number 89 % multiple 24 false
number 89 % multiple 25 false
number 89 % multiple 26 false
number 89 % multiple 27 false
number 89 % multiple 28 false
number 89 % multiple 29 false
number 89 % multiple 30 false
number 89 % multiple 31 false
number 89 % multiple 32 false
number 89 % multiple 33 false
number 89 % multiple 34 false
number 89 % multiple 35 false
number 89 % multiple 36 false
number 89 % multiple 37 false
number 89 % multiple 38 false
number 89 % multiple 39 false
number 89 % multiple 40 false
number 89 % multiple 41 false
number 89 % multiple 42 false
number 89 % multiple 43 false
number 89 % multiple 44 false
number 89 % multiple 45 false
number 89 % multiple 46 false
number 89 % multiple 47 false
number 89 % multiple 48 false
number 89 % multiple 49 false
number 89 % multiple 50 false
number 89 % multiple 51 false
number 89 % multiple 52 false
number 89 % multiple 53 false
number 89 % multiple 54 false
number 89 % multiple 55 false
number 89 % multiple 56 false
number 89 % multiple 57 false
number 89 % multiple 58 false
number 89 % multiple 59 false
number 89 % multiple 60 false
number 89 % multiple 61 false
number 89 % multiple 62 false
number 89 % multiple 63 false
number 89 % multiple 64 false
number 89 % multiple 65 false
number 89 % multiple 66 false
number 89 % multiple 67 false
number 89 % multiple 68 false
number 89 % multiple 69 false
number 89 % multiple 70 false
number 89 % multiple 71 false
number 89 % multiple 72 false
number 89 % multiple 73 false
number 89 % multiple 74 false
number 89 % multiple 75 false
number 89 % multiple 76 false
number 89 % multiple 77 false
number 89 % multiple 78 false
number 89 % multiple 79 false
number 89 % multiple 80 false
number 89 % multiple 81 false
number 89 % multiple 82 false
number 89 % multiple 83 false
number 89 % multiple 84 false
number 89 % multiple 85 false
number 89 % multiple 86 false
number 89 % multiple 87 false
number 89 % multiple 88 false
number 97 % multiple 2 false
number 97 % multiple 3 false
number 97 % multiple 4 false
number 97 % multiple 5 false
number 97 % multiple 6 false
number 97 % multiple 7 false
number 97 % multiple 8 false
number 97 % multiple 9 false
number 97 % multiple 10 false
number 97 % multiple 11 false
number 97 % multiple 12 false
number 97 % multiple 13 false
number 97 % multiple 14 false
number 97 % multiple 15 false
number 97 % multiple 16 false
number 97 % multiple 17 false
number 97 % multiple 18 false
number 97 % multiple 19 false
number 97 % multiple 20 false
number 97 % multiple 21 false
number 97 % multiple 22 false
number 97 % multiple 23 false
number 97 % multiple 24 false
number 97 % multiple 25 false
number 97 % multiple 26 false
number 97 % multiple 27 false
number 97 % multiple 28 false
number 97 % multiple 29 false
number 97 % multiple 30 false
number 97 % multiple 31 false
number 97 % multiple 32 false
number 97 % multiple 33 false
number 97 % multiple 34 false
number 97 % multiple 35 false
number 97 % multiple 36 false
number 97 % multiple 37 false
number 97 % multiple 38 false
number 97 % multiple 39 false
number 97 % multiple 40 false
number 97 % multiple 41 false
number 97 % multiple 42 false
number 97 % multiple 43 false
number 97 % multiple 44 false
number 97 % multiple 45 false
number 97 % multiple 46 false
number 97 % multiple 47 false
number 97 % multiple 48 false
number 97 % multiple 49 false
number 97 % multiple 50 false
number 97 % multiple 51 false
number 97 % multiple 52 false
number 97 % multiple 53 false
number 97 % multiple 54 false
number 97 % multiple 55 false
number 97 % multiple 56 false
number 97 % multiple 57 false
number 97 % multiple 58 false
number 97 % multiple 59 false
number 97 % multiple 60 false
number 97 % multiple 61 false
number 97 % multiple 62 false
number 97 % multiple 63 false
number 97 % multiple 64 false
number 97 % multiple 65 false
number 97 % multiple 66 false
number 97 % multiple 67 false
number 97 % multiple 68 false
number 97 % multiple 69 false
number 97 % multiple 70 false
number 97 % multiple 71 false
number 97 % multiple 72 false
number 97 % multiple 73 false
number 97 % multiple 74 false
number 97 % multiple 75 false
number 97 % multiple 76 false
number 97 % multiple 77 false
number 97 % multiple 78 false
number 97 % multiple 79 false
number 97 % multiple 80 false
number 97 % multiple 81 false
number 97 % multiple 82 false
number 97 % multiple 83 false
number 97 % multiple 84 false
number 97 % multiple 85 false
number 97 % multiple 86 false
number 97 % multiple 87 false
number 97 % multiple 88 false
number 97 % multiple 89 false
number 97 % multiple 90 false
number 97 % multiple 91 false
number 97 % multiple 92 false
number 97 % multiple 93 false
number 97 % multiple 94 false
number 97 % multiple 95 false
number 97 % multiple 96 false
number 98 % multiple 2 true
number 100 % multiple 2 true
]]></system-out>
  <system-err><![CDATA[]]></system-err>
</testsuite>
